<?xml version="1.0" encoding="UTF-8"?>
<testng-results ignored="0" total="2" passed="2" failed="0" skipped="0">
  <reporter-output>
  </reporter-output>
  <suite started-at="2021-09-01T21:23:49 EDT" name="Default suite" finished-at="2021-09-01T21:23:57 EDT" duration-ms="8047">
    <groups>
    </groups>
    <test started-at="2021-09-01T21:23:49 EDT" name="Default test" finished-at="2021-09-01T21:23:57 EDT" duration-ms="8047">
      <class name="com.phptravels.testCases.UserAccountTest">
        <test-method signature="addUsers()[pri:0, instance:com.phptravels.testCases.UserAccountTest@6dcd5639]" started-at="2021-09-01T21:23:49 EDT" name="addUsers" finished-at="2021-09-01T21:23:50 EDT" duration-ms="602" status="PASS">
          <reporter-output>
          </reporter-output>
        </test-method> <!-- addUsers -->
        <test-method signature="deleteUsers()[pri:0, instance:com.phptravels.testCases.UserAccountTest@6dcd5639]" started-at="2021-09-01T21:23:50 EDT" name="deleteUsers" finished-at="2021-09-01T21:23:57 EDT" duration-ms="7414" status="PASS">
          <reporter-output>
          </reporter-output>
        </test-method> <!-- deleteUsers -->
      </class> <!-- com.phptravels.testCases.UserAccountTest -->
    </test> <!-- Default test -->
  </suite> <!-- Default suite -->
</testng-results>
